# JRE version: OpenJDK Runtime Environment (11.0.12+7) (build 11.0.12+7-b1504.28-7817840)
# Java VM: OpenJDK 64-Bit Server VM (11.0.12+7-b1504.28-7817840, mixed mode, tiered, compressed oops, g1 gc, windows-amd64)
Heap:
 garbage-first heap   total 98304K, used 23817K [0x0000000080000000, 0x0000000100000000)
  region size 1024K, 9 young (9216K), 2 survivors (2048K)
 Metaspace       used 21659K, capacity 22232K, committed 22576K, reserved 1073152K
  class space    used 2703K, capacity 2868K, committed 2944K, reserved 1048576K
GC Heap History (10 events):
Event: 3.647 GC heap before
{Heap before GC invocations=0 (full 0):
 garbage-first heap   total 98304K, used 20480K [0x0000000080000000, 0x0000000100000000)
  region size 1024K, 14 young (14336K), 0 survivors (0K)
 Metaspace       used 6755K, capacity 6929K, committed 7168K, reserved 1056768K
  class space    used 582K, capacity 650K, committed 768K, reserved 1048576K
}
Event: 4.559 GC heap after
{Heap after GC invocations=1 (full 0):
 garbage-first heap   total 98304K, used 7874K [0x0000000080000000, 0x0000000100000000)
  region size 1024K, 2 young (2048K), 2 survivors (2048K)
 Metaspace       used 6755K, capacity 6929K, committed 7168K, reserved 1056768K
  class space    used 582K, capacity 650K, committed 768K, reserved 1048576K
}
Event: 6.738 GC heap before
{Heap before GC invocations=1 (full 0):
 garbage-first heap   total 98304K, used 19138K [0x0000000080000000, 0x0000000100000000)
  region size 1024K, 13 young (13312K), 2 survivors (2048K)
 Metaspace       used 10295K, capacity 10557K, committed 10624K, reserved 1058816K
  class space    used 1069K, capacity 1139K, committed 1152K, reserved 1048576K
}
Event: 6.746 GC heap after
{Heap after GC invocations=2 (full 0):
 garbage-first heap   total 98304K, used 9691K [0x0000000080000000, 0x0000000100000000)
  region size 1024K, 2 young (2048K), 2 survivors (2048K)
 Metaspace       used 10295K, capacity 10557K, committed 10624K, reserved 1058816K
  class space    used 1069K, capacity 1139K, committed 1152K, reserved 1048576K
}
Event: 9.098 GC heap before
{Heap before GC invocations=2 (full 0):
 garbage-first heap   total 98304K, used 37339K [0x0000000080000000, 0x0000000100000000)
  region size 1024K, 29 young (29696K), 2 survivors (2048K)
 Metaspace       used 11281K, capacity 11512K, committed 11776K, reserved 1060864K
  class space    used 1172K, capacity 1244K, committed 1280K, reserved 1048576K
}
Event: 9.107 GC heap after
{Heap after GC invocations=3 (full 0):
 garbage-first heap   total 98304K, used 12382K [0x0000000080000000, 0x0000000100000000)
  region size 1024K, 4 young (4096K), 4 survivors (4096K)
 Metaspace       used 11281K, capacity 11512K, committed 11776K, reserved 1060864K
  class space    used 1172K, capacity 1244K, committed 1280K, reserved 1048576K
}
Event: 14.125 GC heap before
{Heap before GC invocations=3 (full 0):
 garbage-first heap   total 98304K, used 51294K [0x0000000080000000, 0x0000000100000000)
  region size 1024K, 41 young (41984K), 4 survivors (4096K)
 Metaspace       used 17102K, capacity 17525K, committed 17792K, reserved 1064960K
  class space    used 1975K, capacity 2101K, committed 2176K, reserved 1048576K
}
Event: 14.135 GC heap after
{Heap after GC invocations=4 (full 0):
 garbage-first heap   total 98304K, used 16469K [0x0000000080000000, 0x0000000100000000)
  region size 1024K, 6 young (6144K), 6 survivors (6144K)
 Metaspace       used 17102K, capacity 17525K, committed 17792K, reserved 1064960K
  class space    used 1975K, capacity 2101K, committed 2176K, reserved 1048576K
}
Event: 16.246 GC heap before
{Heap before GC invocations=4 (full 0):
 garbage-first heap   total 98304K, used 48213K [0x0000000080000000, 0x0000000100000000)
  region size 1024K, 39 young (39936K), 6 survivors (6144K)
 Metaspace       used 20663K, capacity 21173K, committed 21296K, reserved 1069056K
  class space    used 2537K, capacity 2680K, committed 2688K, reserved 1048576K
}
Event: 16.259 GC heap after
{Heap after GC invocations=5 (full 0):
 garbage-first heap   total 98304K, used 17673K [0x0000000080000000, 0x0000000100000000)
  region size 1024K, 2 young (2048K), 2 survivors (2048K)
 Metaspace       used 20663K, capacity 21173K, committed 21296K, reserved 1069056K
  class space    used 2537K, capacity 2680K, committed 2688K, reserved 1048576K
}

