# JRE version: OpenJDK Runtime Environment (11.0.12+7) (build 11.0.12+7-b1504.28-7817840)
# Java VM: OpenJDK 64-Bit Server VM (11.0.12+7-b1504.28-7817840, mixed mode, tiered, compressed oops, g1 gc, windows-amd64)
Heap:
 garbage-first heap   total 173056K, used 49664K [0x00000000a1800000, 0x0000000100000000)
  region size 1024K, 4 young (4096K), 4 survivors (4096K)
 Metaspace       used 65751K, capacity 66367K, committed 66588K, reserved 1107968K
  class space    used 7439K, capacity 7681K, committed 7804K, reserved 1048576K
GC Heap History (17 events):
Event: 0.596 GC heap before
{Heap before GC invocations=0 (full 0):
 garbage-first heap   total 98304K, used 17408K [0x00000000a1800000, 0x0000000100000000)
  region size 1024K, 14 young (14336K), 0 survivors (0K)
 Metaspace       used 9872K, capacity 10002K, committed 10112K, reserved 1058816K
  class space    used 839K, capacity 885K, committed 896K, reserved 1048576K
}
Event: 0.601 GC heap after
{Heap after GC invocations=1 (full 0):
 garbage-first heap   total 98304K, used 5263K [0x00000000a1800000, 0x0000000100000000)
  region size 1024K, 2 young (2048K), 2 survivors (2048K)
 Metaspace       used 9872K, capacity 10002K, committed 10112K, reserved 1058816K
  class space    used 839K, capacity 885K, committed 896K, reserved 1048576K
}
Event: 1.712 GC heap before
{Heap before GC invocations=1 (full 0):
 garbage-first heap   total 98304K, used 51343K [0x00000000a1800000, 0x0000000100000000)
  region size 1024K, 48 young (49152K), 2 survivors (2048K)
 Metaspace       used 20952K, capacity 21190K, committed 21248K, reserved 1069056K
  class space    used 2223K, capacity 2302K, committed 2304K, reserved 1048576K
}
Event: 1.730 GC heap after
{Heap after GC invocations=2 (full 0):
 garbage-first heap   total 98304K, used 9914K [0x00000000a1800000, 0x0000000100000000)
  region size 1024K, 7 young (7168K), 7 survivors (7168K)
 Metaspace       used 20952K, capacity 21190K, committed 21248K, reserved 1069056K
  class space    used 2223K, capacity 2302K, committed 2304K, reserved 1048576K
}
Event: 2.966 GC heap before
{Heap before GC invocations=3 (full 0):
 garbage-first heap   total 98304K, used 62138K [0x00000000a1800000, 0x0000000100000000)
  region size 1024K, 53 young (54272K), 7 survivors (7168K)
 Metaspace       used 32051K, capacity 32475K, committed 32764K, reserved 1077248K
  class space    used 4020K, capacity 4209K, committed 4348K, reserved 1048576K
}
Event: 2.998 GC heap after
{Heap after GC invocations=4 (full 0):
 garbage-first heap   total 98304K, used 20872K [0x00000000a1800000, 0x0000000100000000)
  region size 1024K, 6 young (6144K), 6 survivors (6144K)
 Metaspace       used 32051K, capacity 32475K, committed 32764K, reserved 1077248K
  class space    used 4020K, capacity 4209K, committed 4348K, reserved 1048576K
}
Event: 3.326 GC heap before
{Heap before GC invocations=4 (full 0):
 garbage-first heap   total 98304K, used 37256K [0x00000000a1800000, 0x0000000100000000)
  region size 1024K, 23 young (23552K), 6 survivors (6144K)
 Metaspace       used 35408K, capacity 35819K, committed 35964K, reserved 1081344K
  class space    used 4398K, capacity 4599K, committed 4732K, reserved 1048576K
}
Event: 3.339 GC heap after
{Heap after GC invocations=5 (full 0):
 garbage-first heap   total 98304K, used 22922K [0x00000000a1800000, 0x0000000100000000)
  region size 1024K, 2 young (2048K), 2 survivors (2048K)
 Metaspace       used 35408K, capacity 35819K, committed 35964K, reserved 1081344K
  class space    used 4398K, capacity 4599K, committed 4732K, reserved 1048576K
}
Event: 4.256 GC heap before
{Heap before GC invocations=6 (full 0):
 garbage-first heap   total 98304K, used 62858K [0x00000000a1800000, 0x0000000100000000)
  region size 1024K, 41 young (41984K), 2 survivors (2048K)
 Metaspace       used 43606K, capacity 44009K, committed 44316K, reserved 1087488K
  class space    used 5219K, capacity 5384K, committed 5500K, reserved 1048576K
}
Event: 4.273 GC heap after
{Heap after GC invocations=7 (full 0):
 garbage-first heap   total 121856K, used 25994K [0x00000000a1800000, 0x0000000100000000)
  region size 1024K, 5 young (5120K), 5 survivors (5120K)
 Metaspace       used 43606K, capacity 44009K, committed 44316K, reserved 1087488K
  class space    used 5219K, capacity 5384K, committed 5500K, reserved 1048576K
}
Event: 5.146 GC heap before
{Heap before GC invocations=8 (full 0):
 garbage-first heap   total 121856K, used 76170K [0x00000000a1800000, 0x0000000100000000)
  region size 1024K, 53 young (54272K), 5 survivors (5120K)
 Metaspace       used 48131K, capacity 48589K, committed 48924K, reserved 1091584K
  class space    used 5706K, capacity 5912K, committed 6012K, reserved 1048576K
}
Event: 5.177 GC heap after
{Heap after GC invocations=9 (full 0):
 garbage-first heap   total 121856K, used 30720K [0x00000000a1800000, 0x0000000100000000)
  region size 1024K, 7 young (7168K), 7 survivors (7168K)
 Metaspace       used 48131K, capacity 48589K, committed 48924K, reserved 1091584K
  class space    used 5706K, capacity 5912K, committed 6012K, reserved 1048576K
}
Event: 6.622 GC heap before
{Heap before GC invocations=9 (full 0):
 garbage-first heap   total 121856K, used 80896K [0x00000000a1800000, 0x0000000100000000)
  region size 1024K, 56 young (57344K), 7 survivors (7168K)
 Metaspace       used 52134K, capacity 52711K, committed 53020K, reserved 1095680K
  class space    used 5994K, capacity 6217K, committed 6268K, reserved 1048576K
}
Event: 6.669 GC heap after
{Heap after GC invocations=10 (full 0):
 garbage-first heap   total 121856K, used 38106K [0x00000000a1800000, 0x0000000100000000)
  region size 1024K, 7 young (7168K), 7 survivors (7168K)
 Metaspace       used 52134K, capacity 52711K, committed 53020K, reserved 1095680K
  class space    used 5994K, capacity 6217K, committed 6268K, reserved 1048576K
}
Event: 7.581 GC heap before
{Heap before GC invocations=10 (full 0):
 garbage-first heap   total 121856K, used 86234K [0x00000000a1800000, 0x0000000100000000)
  region size 1024K, 53 young (54272K), 7 survivors (7168K)
 Metaspace       used 56868K, capacity 57462K, committed 57756K, reserved 1099776K
  class space    used 6516K, capacity 6756K, committed 6908K, reserved 1048576K
}
Event: 7.626 GC heap after
{Heap after GC invocations=11 (full 0):
 garbage-first heap   total 121856K, used 45056K [0x00000000a1800000, 0x0000000100000000)
  region size 1024K, 6 young (6144K), 6 survivors (6144K)
 Metaspace       used 56868K, capacity 57462K, committed 57756K, reserved 1099776K
  class space    used 6516K, capacity 6756K, committed 6908K, reserved 1048576K
}
Event: 8.804 GC heap before
{Heap before GC invocations=11 (full 0):
 garbage-first heap   total 121856K, used 90112K [0x00000000a1800000, 0x0000000100000000)
  region size 1024K, 50 young (51200K), 6 survivors (6144K)
 Metaspace       used 65751K, capacity 66367K, committed 66588K, reserved 1107968K
  class space    used 7439K, capacity 7681K, committed 7804K, reserved 1048576K
}

